2015-03-14 14:58:34.370 nodejs.ErrorException: Error: test
    at Object.<anonymous> (/Users/yixuan/work/开发笔记/practice/githubPractice/NodePractice/getNode-KOA/firstDemo/日志记录demo.js:12:14)
    at Module._compile (module.js:460:26)
    at Object.Module._extensions..js (module.js:478:10)
    at Module.load (module.js:355:32)
    at Function.Module._load (module.js:310:12)
    at Function.Module.runMain (module.js:501:10)
    at startup (node.js:129:16)
    at node.js:814:3
pid: 2150
domainThrown: false
Host: yixuans-iMac-2.local
URL: 
Data: ""
2015-03-14 14:58:34.370

2015-03-14 14:58:54.017 nodejs.ErrorException: Error: test
    at Object.<anonymous> (/Users/yixuan/work/开发笔记/practice/githubPractice/NodePractice/getNode-KOA/firstDemo/日志记录demo.js:12:14)
    at Module._compile (module.js:460:26)
    at Object.Module._extensions..js (module.js:478:10)
    at Module.load (module.js:355:32)
    at Function.Module._load (module.js:310:12)
    at Function.Module.runMain (module.js:501:10)
    at startup (node.js:129:16)
    at node.js:814:3
pid: 2159
domainThrown: false
Host: yixuans-iMac-2.local
URL: 
Data: ""
2015-03-14 14:58:54.017

2015-03-14 15:00:16.229 nodejs.ErrorException: Error: test
    at Object.<anonymous> (/Users/yixuan/work/开发笔记/practice/githubPractice/NodePractice/getNode-KOA/firstDemo/test.js:12:14)
    at Module._compile (module.js:460:26)
    at Object.Module._extensions..js (module.js:478:10)
    at Module.load (module.js:355:32)
    at Function.Module._load (module.js:310:12)
    at Function.Module.runMain (module.js:501:10)
    at startup (node.js:129:16)
    at node.js:814:3
pid: 2171
domainThrown: false
Host: yixuans-iMac-2.local
URL: 
Data: ""
2015-03-14 15:00:16.229

